<?xml version="1.0" encoding="UTF-8"?>
<testsuite name="ro.ubbcluj.mpp.proiectproblema1.model.ClientTest" tests="7" skipped="0" failures="0" errors="0" timestamp="2022-03-23T11:04:24" hostname="DESKTOP-HU6EM17" time="0.004">
  <properties/>
  <testcase name="testToString()" classname="ro.ubbcluj.mpp.proiectproblema1.model.ClientTest" time="0.001"/>
  <testcase name="getAddress()" classname="ro.ubbcluj.mpp.proiectproblema1.model.ClientTest" time="0.0"/>
  <testcase name="getName()" classname="ro.ubbcluj.mpp.proiectproblema1.model.ClientTest" time="0.0"/>
  <testcase name="getID()" classname="ro.ubbcluj.mpp.proiectproblema1.model.ClientTest" time="0.0"/>
  <testcase name="setID()" classname="ro.ubbcluj.mpp.proiectproblema1.model.ClientTest" time="0.0"/>
  <testcase name="setAddress()" classname="ro.ubbcluj.mpp.proiectproblema1.model.ClientTest" time="0.001"/>
  <testcase name="setName()" classname="ro.ubbcluj.mpp.proiectproblema1.model.ClientTest" time="0.0"/>
  <system-out><![CDATA[]]></system-out>
  <system-err><![CDATA[]]></system-err>
</testsuite>
