<?xml version="1.0" encoding="UTF-8"?>
<testsuite name="ro.ubbcluj.mpp.proiectproblema1.model.FlightTest" tests="11" skipped="0" failures="0" errors="0" timestamp="2022-03-23T11:50:17" hostname="DESKTOP-HU6EM17" time="0.028">
  <properties/>
  <testcase name="getDestination()" classname="ro.ubbcluj.mpp.proiectproblema1.model.FlightTest" time="0.006"/>
  <testcase name="testToString()" classname="ro.ubbcluj.mpp.proiectproblema1.model.FlightTest" time="0.016"/>
  <testcase name="setDateTime()" classname="ro.ubbcluj.mpp.proiectproblema1.model.FlightTest" time="0.001"/>
  <testcase name="getDateTime()" classname="ro.ubbcluj.mpp.proiectproblema1.model.FlightTest" time="0.0"/>
  <testcase name="getNumberOfTickets()" classname="ro.ubbcluj.mpp.proiectproblema1.model.FlightTest" time="0.0"/>
  <testcase name="getAirport()" classname="ro.ubbcluj.mpp.proiectproblema1.model.FlightTest" time="0.001"/>
  <testcase name="getID()" classname="ro.ubbcluj.mpp.proiectproblema1.model.FlightTest" time="0.0"/>
  <testcase name="setID()" classname="ro.ubbcluj.mpp.proiectproblema1.model.FlightTest" time="0.0"/>
  <testcase name="setDestination()" classname="ro.ubbcluj.mpp.proiectproblema1.model.FlightTest" time="0.001"/>
  <testcase name="setNumberOfTickets()" classname="ro.ubbcluj.mpp.proiectproblema1.model.FlightTest" time="0.0"/>
  <testcase name="setAirport()" classname="ro.ubbcluj.mpp.proiectproblema1.model.FlightTest" time="0.0"/>
  <system-out><![CDATA[]]></system-out>
  <system-err><![CDATA[]]></system-err>
</testsuite>
